NOTE: This file must not be edited!
 
Date                  Version     Name            Axis   OpMode        Status        BM config   
========================================================================================================================
2022-04-30 17:50:11   v1.71       ROB_1           1      OP_MAN_PROG   OK            TRUE        
2022-04-30 17:50:20   v1.71       ROB_1           2      OP_MAN_PROG   OK            TRUE        
2022-04-30 17:50:30   v1.71       ROB_1           3      OP_MAN_PROG   OK            TRUE        
2022-04-30 17:50:39   v1.71       ROB_1           4      OP_MAN_PROG   OK            TRUE        
2022-04-30 17:50:49   v1.71       ROB_1           5      OP_MAN_PROG   OK            TRUE        
2022-04-30 17:50:58   v1.71       ROB_1           6      OP_MAN_PROG   OK            TRUE        
                      Position:
                      ROB_1:  0:0:0:0:0:0
 
------------------------------------------------------------------------------------------------------------------------
2022-05-01 17:35:13   v1.71       ROB_1           1      OP_MAN_PROG   OK            TRUE        
2022-05-01 17:35:22   v1.71       ROB_1           2      OP_MAN_PROG   OK            TRUE        
2022-05-01 17:35:32   v1.71       ROB_1           3      OP_MAN_PROG   OK            TRUE        
2022-05-01 17:35:42   v1.71       ROB_1           4      OP_MAN_PROG   OK            TRUE        
2022-05-01 17:35:51   v1.71       ROB_1           5      OP_MAN_PROG   OK            TRUE        
2022-05-01 17:36:01   v1.71       ROB_1           6      OP_MAN_PROG   OK            TRUE        
                      Position:
                      ROB_1:  0:0:0:0:0:0
 
------------------------------------------------------------------------------------------------------------------------
